(THU.CST) os is loading ...

Special kernel symbols:
  entry  0xc0100036 (phys)
  etext  0xc010c756 (phys)
  edata  0xc01a1000 (phys)
  end    0xc01a4158 (phys)
Kernel executable memory footprint: 657KB
ebp:0xc012cf48 eip:0xc0101ed8 args:0x00010094 0x00010094 0xc012cf78 0xc01000cc 
    kern/debug/kdebug.c:350: print_stackframe+21
ebp:0xc012cf58 eip:0xc01021d4 args:0x00000000 0x00000000 0x00000000 0xc012cfc8 
    kern/debug/kmonitor.c:129: mon_backtrace+10
ebp:0xc012cf78 eip:0xc01000cc args:0x00000000 0xc012cfa0 0xffff0000 0xc012cfa4 
    kern/init/init.c:57: grade_backtrace2+19
ebp:0xc012cf98 eip:0xc01000ee args:0x00000000 0xffff0000 0xc012cfc4 0x0000002a 
    kern/init/init.c:62: grade_backtrace1+27
ebp:0xc012cfb8 eip:0xc010010b args:0x00000000 0xc0100036 0xffff0000 0xc0100079 
    kern/init/init.c:67: grade_backtrace0+19
ebp:0xc012cfd8 eip:0xc010012c args:0x00000000 0x00000000 0x00000000 0xc010c760 
    kern/init/init.c:72: grade_backtrace+26
ebp:0xc012cff8 eip:0xc0100086 args:0xc010cbb8 0xc010cbc0 0xc010215d 0xc010cbdf 
    kern/init/init.c:32: kern_init+79
memory management: default_pmm_manager
e820map:
  memory: 0009fc00, [00000000, 0009fbff], type = 1.
  memory: 00000400, [0009fc00, 0009ffff], type = 2.
  memory: 00010000, [000f0000, 000fffff], type = 2.
  memory: 07ee0000, [00100000, 07fdffff], type = 1.
  memory: 00020000, [07fe0000, 07ffffff], type = 2.
  memory: 00040000, [fffc0000, ffffffff], type = 2.
check_alloc_page() succeeded!
check_pgdir() succeeded!
check_boot_pgdir() succeeded!
-------------------- BEGIN --------------------
PDE(0e0) c0000000-f8000000 38000000 urw
  |-- PTE(38000) c0000000-f8000000 38000000 -rw
PDE(001) fac00000-fb000000 00400000 -rw
  |-- PTE(000e0) faf00000-fafe0000 000e0000 urw
  |-- PTE(00001) fafeb000-fafec000 00001000 -rw
--------------------- END ---------------------
use SLOB allocator
check_slab() success
kmalloc_init() succeeded!
check_vma_struct() succeeded!
page fault at 0x00000100: K/W [no page found].
check_pgfault() succeeded!
check_vmm() succeeded.
ide 0:      10000(sectors), 'QEMU HARDDISK'.
ide 1:     262144(sectors), 'QEMU HARDDISK'.
SWAP: manager = fifo swap manager
BEGIN check_swap: count 1, total 31801
setup Page Table for vaddr 0X1000, so alloc a page
setup Page Table vaddr 0~4MB OVER!
set up init env for check_swap begin!
page fault at 0x00001000: K/W [no page found].
page fault at 0x00002000: K/W [no page found].
page fault at 0x00003000: K/W [no page found].
page fault at 0x00004000: K/W [no page found].
set up init env for check_swap over!
write Virt Page c in fifo_check_swap
write Virt Page a in fifo_check_swap
write Virt Page d in fifo_check_swap
write Virt Page b in fifo_check_swap
write Virt Page e in fifo_check_swap
page fault at 0x00005000: K/W [no page found].
swap_out: i 0, store page in vaddr 0x1000 to disk swap entry 2
write Virt Page b in fifo_check_swap
write Virt Page a in fifo_check_swap
page fault at 0x00001000: K/W [no page found].
do pgfault: ptep c03a7004, pte 200
swap_out: i 0, store page in vaddr 0x2000 to disk swap entry 3
swap_in: load disk swap entry 2 with swap_page in vadr 0x1000
write Virt Page b in fifo_check_swap
page fault at 0x00002000: K/W [no page found].
do pgfault: ptep c03a7008, pte 300
swap_out: i 0, store page in vaddr 0x3000 to disk swap entry 4
swap_in: load disk swap entry 3 with swap_page in vadr 0x2000
write Virt Page c in fifo_check_swap
page fault at 0x00003000: K/W [no page found].
do pgfault: ptep c03a700c, pte 400
swap_out: i 0, store page in vaddr 0x4000 to disk swap entry 5
swap_in: load disk swap entry 4 with swap_page in vadr 0x3000
write Virt Page d in fifo_check_swap
page fault at 0x00004000: K/W [no page found].
do pgfault: ptep c03a7010, pte 500
swap_out: i 0, store page in vaddr 0x5000 to disk swap entry 6
swap_in: load disk swap entry 5 with swap_page in vadr 0x4000
write Virt Page e in fifo_check_swap
page fault at 0x00005000: K/W [no page found].
do pgfault: ptep c03a7014, pte 600
swap_out: i 0, store page in vaddr 0x1000 to disk swap entry 2
swap_in: load disk swap entry 6 with swap_page in vadr 0x5000
write Virt Page a in fifo_check_swap
page fault at 0x00001000: K/R [no page found].
do pgfault: ptep c03a7004, pte 200
swap_out: i 0, store page in vaddr 0x2000 to disk swap entry 3
swap_in: load disk swap entry 2 with swap_page in vadr 0x1000
count is 0, total is 5
check_swap() succeeded!
++ setup timer interrupts
kernel_execve: pid = 2, name = "forktree".
0002: I am ''
0004: I am '1'
0003: I am '0'
0008: I am '01'
0007: I am '00'
0006: I am '11'
0005: I am '10'
0010: I am '101'
000f: I am '100'
000e: I am '111'
000d: I am '110'
000c: I am '001'
000b: I am '000'
000a: I am '011'
0009: I am '010'
0020: I am '0101'
001f: I am '0100'
001e: I am '0111'
001d: I am '0110'
001c: I am '0001'
001b: I am '0000'
001a: I am '0011'
0019: I am '0010'
0018: I am '1101'
0017: I am '1100'
0016: I am '1111'
0015: I am '1110'
0014: I am '1001'
0013: I am '1000'
0012: I am '1011'
0011: I am '1010'
all user-mode processes have quit.
kernel panic at kern/process/proc.c:837:
    assertion failed: nr_free_pages_store == nr_free_pages()
stack trackback:
ebp:0xc03a6f8c eip:0xc0101ed8 args:0x00000001 0x00000000 0xc03a6fbc 0xc03a6fc0 
    kern/debug/kdebug.c:350: print_stackframe+21
ebp:0xc03a6fac eip:0xc01017d4 args:0xc010eb00 0x00000345 0xc010eb2d 0xc010ee6c 
    kern/debug/panic.c:27: __panic+107
ebp:0xc03a6fec eip:0xc010b635 args:0x00000000 0x00000000 0x00000010 0x00000000 
    kern/process/proc.c:837: init_main+345
Welcome to the kernel debug monitor!!
Type 'help' for a list of commands.
K> 