(THU.CST) os is loading ...

Special kernel symbols:
  entry  0x00100000 (phys)
  etext  0x0010340e (phys)
  edata  0x0010ea16 (phys)
  end    0x0010fd40 (phys)
Kernel executable memory footprint: 64KB
ebp:0x00007b28 eip:0x00100a63 args:0x00010094 0x00010094 0x00007b58 0x00100092 
    kern/debug/kdebug.c:293: print_stackframe+21
ebp:0x00007b38 eip:0x00100d4d args:0x00000000 0x00000000 0x00000000 0x00007ba8 
    kern/debug/kmonitor.c:125: mon_backtrace+10
ebp:0x00007b58 eip:0x00100092 args:0x00000000 0x00007b80 0xffff0000 0x00007b84 
    kern/init/init.c:48: grade_backtrace2+33
ebp:0x00007b78 eip:0x001000bc args:0x00000000 0xffff0000 0x00007ba4 0x00000029 
    kern/init/init.c:53: grade_backtrace1+38
ebp:0x00007b98 eip:0x001000db args:0x00000000 0x00100000 0xffff0000 0x0000001d 
    kern/init/init.c:58: grade_backtrace0+23
ebp:0x00007bb8 eip:0x00100101 args:0x0010343c 0x00103420 0x0000132a 0x00000000 
    kern/init/init.c:63: grade_backtrace+34
ebp:0x00007be8 eip:0x00100055 args:0x00000000 0x00000000 0x00000000 0x00007c4f 
    kern/init/init.c:28: kern_init+84
ebp:0x00007bf8 eip:0x00007d72 args:0xc031fcfa 0xc08ed88e 0x64e4d08e 0xfa7502a8 
    <unknow>: -- 0x00007d71 --
++ setup timer interrupts
100 ticks
End of Test.
kernel panic at kern/trap/trap.c:18:
    EOT: kernel seems ok.
stack trackback:
ebp:0x00007ad0 eip:0x00100a63 args:0x001034e8 0x00007b14 0x00000012 0x00007b4c 
    kern/debug/kdebug.c:293: print_stackframe+21
ebp:0x00007b00 eip:0x0010041b args:0x001037ae 0x00000012 0x00103798 0x00000008 
    kern/debug/panic.c:27: __panic+103
ebp:0x00007b20 eip:0x0010183c args:0x00007b58 0x00100257 0x00100208 0x00007b4c 
    kern/trap/trap.c:0: print_ticks+65
ebp:0x00007b50 eip:0x00101c69 args:0x00007b7c 0x0010027a 0x00103732 0x00007b94 
    kern/trap/trap.c:156: trap_dispatch+136
ebp:0x00007b70 eip:0x00101d23 args:0x00007b7c 0x00000000 0x00010094 0x00007be8 
    kern/trap/trap.c:192: trap+16
ebp:0x00007be8 eip:0x001027ae args:0x00000000 0x00000000 0x00000000 0x00007c4f 
    kern/trap/trapentry.S:24: <unknown>+0
ebp:0x00007bf8 eip:0x00007d72 args:0xc031fcfa 0xc08ed88e 0x64e4d08e 0xfa7502a8 
    <unknow>: -- 0x00007d71 --
Welcome to the kernel debug monitor!!
Type 'help' for a list of commands.
K> 